Using pre-set license
Built from '2020.3/staging' branch; Version is '2020.3.26f1 (7298b473bc1a) revision 7510196'; Using compiler version '192528614'; Build Type 'Release'
OS: 'Windows 10  (10.0.19041) 64bit Core' Language: 'fr' Physical Memory: 12286 MB
BatchMode: 1, IsHumanControllingUs: 0, StartBugReporterOnCrash: 0, Is64bit: 1, IsPro: 0

COMMAND LINE ARGUMENTS:
C:\Program Files\Unity\Hub\Editor\2020.3.26f1\Editor\Unity.exe
-adb2
-batchMode
-noUpm
-name
AssetImportWorker0
-projectPath
C:/Users/Shadow/My project
-logFile
Logs/AssetImportWorker0.log
-srvPort
58347
Successfully changed project path to: C:/Users/Shadow/My project
C:/Users/Shadow/My project
Using Asset Import Pipeline V2.
Refreshing native plugins compatible for Editor in 59.34 ms, found 2 plugins.
Preloading 0 native plugins for Editor in 0.00 ms.
Initialize engine version: 2020.3.26f1 (7298b473bc1a)
[Subsystems] Discovering subsystems at path C:/Program Files/Unity/Hub/Editor/2020.3.26f1/Editor/Data/Resources/UnitySubsystems
[Subsystems] Discovering subsystems at path C:/Users/Shadow/My project/Assets
GfxDevice: creating device client; threaded=0
Direct3D:
    Version:  Direct3D 11.0 [level 11.1]
    Renderer: NVIDIA GeForce GTX 1080 (ID=0x1b80)
    Vendor:   
    VRAM:     8079 MB
    Driver:   30.0.14.9676
Initialize mono
Mono path[0] = 'C:/Program Files/Unity/Hub/Editor/2020.3.26f1/Editor/Data/Managed'
Mono path[1] = 'C:/Program Files/Unity/Hub/Editor/2020.3.26f1/Editor/Data/MonoBleedingEdge/lib/mono/unityjit'
Mono config path = 'C:/Program Files/Unity/Hub/Editor/2020.3.26f1/Editor/Data/MonoBleedingEdge/etc'
Using monoOptions --debugger-agent=transport=dt_socket,embedding=1,server=y,suspend=n,address=127.0.0.1:56628
Begin MonoManager ReloadAssembly
Registering precompiled unity dll's ...
Register platform support module: C:/Program Files/Unity/Hub/Editor/2020.3.26f1/Editor/Data/PlaybackEngines/WebGLSupport/UnityEditor.WebGL.Extensions.dll
Register platform support module: C:/Program Files/Unity/Hub/Editor/2020.3.26f1/Editor/Data/PlaybackEngines/WindowsStandaloneSupport/UnityEditor.WindowsStandalone.Extensions.dll
Registered in 0.009569 seconds.
Native extension for WindowsStandalone target not found
Native extension for WebGL target not found
Refreshing native plugins compatible for Editor in 52.16 ms, found 2 plugins.
Preloading 0 native plugins for Editor in 0.00 ms.
Mono: successfully reloaded assembly
- Completed reload, in  1.010 seconds
Domain Reload Profiling:
	ReloadAssembly (1011ms)
		BeginReloadAssembly (136ms)
			ExecutionOrderSort (0ms)
			DisableScriptedObjects (0ms)
			BackupInstance (0ms)
			ReleaseScriptingObjects (0ms)
			CreateAndSetChildDomain (1ms)
		EndReloadAssembly (725ms)
			LoadAssemblies (127ms)
			RebuildTransferFunctionScriptingTraits (0ms)
			SetupTypeCache (238ms)
			ReleaseScriptCaches (0ms)
			RebuildScriptCaches (44ms)
			SetupLoadedEditorAssemblies (255ms)
				LogAssemblyErrors (0ms)
				InitializePlatformSupportModulesInManaged (8ms)
				SetLoadedEditorAssemblies (0ms)
				RefreshPlugins (52ms)
				BeforeProcessingInitializeOnLoad (23ms)
				ProcessInitializeOnLoadAttributes (130ms)
				ProcessInitializeOnLoadMethodAttributes (41ms)
				AfterProcessingInitializeOnLoad (0ms)
				EditorAssembliesLoaded (0ms)
			ExecutionOrderSort2 (0ms)
			AwakeInstancesAfterBackupRestoration (0ms)
Platform modules already initialized, skipping
Registering precompiled user dll's ...
Registered in 0.015404 seconds.
Begin MonoManager ReloadAssembly
Native extension for WindowsStandalone target not found
Native extension for WebGL target not found
Refreshing native plugins compatible for Editor in 0.56 ms, found 2 plugins.
Preloading 0 native plugins for Editor in 0.00 ms.
Mono: successfully reloaded assembly
- Completed reload, in  1.865 seconds
Domain Reload Profiling:
	ReloadAssembly (1868ms)
		BeginReloadAssembly (264ms)
			ExecutionOrderSort (0ms)
			DisableScriptedObjects (7ms)
			BackupInstance (0ms)
			ReleaseScriptingObjects (0ms)
			CreateAndSetChildDomain (30ms)
		EndReloadAssembly (1474ms)
			LoadAssemblies (185ms)
			RebuildTransferFunctionScriptingTraits (0ms)
			SetupTypeCache (470ms)
			ReleaseScriptCaches (1ms)
			RebuildScriptCaches (65ms)
			SetupLoadedEditorAssemblies (608ms)
				LogAssemblyErrors (0ms)
				InitializePlatformSupportModulesInManaged (9ms)
				SetLoadedEditorAssemblies (1ms)
				RefreshPlugins (1ms)
				BeforeProcessingInitializeOnLoad (154ms)
				ProcessInitializeOnLoadAttributes (375ms)
				ProcessInitializeOnLoadMethodAttributes (22ms)
				AfterProcessingInitializeOnLoad (44ms)
				EditorAssembliesLoaded (1ms)
			ExecutionOrderSort2 (0ms)
			AwakeInstancesAfterBackupRestoration (15ms)
Platform modules already initialized, skipping
========================================================================
Worker process is ready to serve import requests
Launched and connected shader compiler UnityShaderCompiler.exe after 0.11 seconds
Refreshing native plugins compatible for Editor in 0.60 ms, found 2 plugins.
Preloading 0 native plugins for Editor in 0.00 ms.
Unloading 1527 Unused Serialized files (Serialized files now loaded: 0)
System memory in use before: 156.3 MB.
System memory in use after: 156.4 MB.

Unloading 19 unused Assets to reduce memory usage. Loaded Objects now: 1985.
Total: 4.238900 ms (FindLiveObjects: 0.185600 ms CreateObjectMapping: 0.166000 ms MarkObjects: 3.661200 ms  DeleteObjects: 0.224500 ms)

AssetImportParameters requested are different than current active one (requested -> active):
  custom:framework-win-MediaFoundation: 216162199b28c13a410421893ffa2e32 -> 
  custom:video-decoder-ogg-theora: a1e56fd34408186e4bbccfd4996cb3dc -> 
  custom:container-muxer-webm: aa71ff27fc2769a1b78a27578f13a17b -> 
  custom:container-demuxer-webm: 4f35f7cbe854078d1ac9338744f61a02 -> 
  custom:container-demuxer-ogg: 62fdf1f143b41e24485cea50d1cbac27 -> 
  custom:video-encoder-webm-vp8: eb34c28f22e8b96e1ab97ce403110664 -> 
  custom:video-decoder-webm-vp8: 9c59270c3fd7afecdb556c50c9e8de78 -> 
  custom:audio-decoder-ogg-vorbis: bf7c407c2cedff20999df2af8eb42d56 -> 
  custom:audio-encoder-webm-vorbis: bf7c407c2cedff20999df2af8eb42d56 -> 
========================================================================
Received Import Request.
  path: Assets/Script/Prefabs/PR_Player_.prefab
  artifactKey: Guid(f7e293195e118044ea2f0e246a35e962) Importer(815301076,1909f56bfc062723c751e8b465ee728b)
Start importing Assets/Script/Prefabs/PR_Player_.prefab using Guid(f7e293195e118044ea2f0e246a35e962) Importer(815301076,1909f56bfc062723c751e8b465ee728b)  -> (artifact id: 'cc9cc39d4b05f93e00328290a0320e3e') in 0.312386 seconds 
  Import took 0.317686 seconds .

========================================================================
Received Import Request.
  Time since last request: 31.952357 seconds.
  path: Assets/Script/Prefabs/PR_Player_.prefab
  artifactKey: Guid(f7e293195e118044ea2f0e246a35e962) Importer(815301076,1909f56bfc062723c751e8b465ee728b)
Start importing Assets/Script/Prefabs/PR_Player_.prefab using Guid(f7e293195e118044ea2f0e246a35e962) Importer(815301076,1909f56bfc062723c751e8b465ee728b)  -> (artifact id: '7978b3ca8f6c3c9e9fe9f5a073f74700') in 0.041852 seconds 
  Import took 0.047443 seconds .

========================================================================
Received Import Request.
  Time since last request: 6.543009 seconds.
  path: Assets/Script/Prefabs/PR_Player_.prefab
  artifactKey: Guid(f7e293195e118044ea2f0e246a35e962) Importer(815301076,1909f56bfc062723c751e8b465ee728b)
Start importing Assets/Script/Prefabs/PR_Player_.prefab using Guid(f7e293195e118044ea2f0e246a35e962) Importer(815301076,1909f56bfc062723c751e8b465ee728b)  -> (artifact id: 'bfcfb7fe31bcd010a5ad859e2f6a5ca5') in 0.043105 seconds 
  Import took 0.047473 seconds .

========================================================================
Received Import Request.
  Time since last request: 4.135753 seconds.
  path: Assets/Script/Prefabs/PR_Player_.prefab
  artifactKey: Guid(f7e293195e118044ea2f0e246a35e962) Importer(815301076,1909f56bfc062723c751e8b465ee728b)
Start importing Assets/Script/Prefabs/PR_Player_.prefab using Guid(f7e293195e118044ea2f0e246a35e962) Importer(815301076,1909f56bfc062723c751e8b465ee728b)  -> (artifact id: '02973cedb097172554b6af1d4458afae') in 0.037225 seconds 
  Import took 0.041566 seconds .

========================================================================
Received Import Request.
  Time since last request: 7.807379 seconds.
  path: Assets/Script/Prefabs/PR_Player_.prefab
  artifactKey: Guid(f7e293195e118044ea2f0e246a35e962) Importer(815301076,1909f56bfc062723c751e8b465ee728b)
Start importing Assets/Script/Prefabs/PR_Player_.prefab using Guid(f7e293195e118044ea2f0e246a35e962) Importer(815301076,1909f56bfc062723c751e8b465ee728b)  -> (artifact id: '58b4e812555c785367a6662514dc88a0') in 0.040817 seconds 
  Import took 0.045468 seconds .

========================================================================
Received Import Request.
  Time since last request: 1.907204 seconds.
  path: Assets/Script/Prefabs/PR_Player_.prefab
  artifactKey: Guid(f7e293195e118044ea2f0e246a35e962) Importer(815301076,1909f56bfc062723c751e8b465ee728b)
Start importing Assets/Script/Prefabs/PR_Player_.prefab using Guid(f7e293195e118044ea2f0e246a35e962) Importer(815301076,1909f56bfc062723c751e8b465ee728b)  -> (artifact id: '7168e99f3c96a69a3340edec30f1dca0') in 0.044524 seconds 
  Import took 0.048739 seconds .

========================================================================
Received Import Request.
  Time since last request: 3.529711 seconds.
  path: Assets/Script/Prefabs/PR_Player_.prefab
  artifactKey: Guid(f7e293195e118044ea2f0e246a35e962) Importer(815301076,1909f56bfc062723c751e8b465ee728b)
Start importing Assets/Script/Prefabs/PR_Player_.prefab using Guid(f7e293195e118044ea2f0e246a35e962) Importer(815301076,1909f56bfc062723c751e8b465ee728b)  -> (artifact id: '86d555545d6e1259e0cd951017ae2523') in 0.037696 seconds 
  Import took 0.042265 seconds .

========================================================================
Received Import Request.
  Time since last request: 2.544337 seconds.
  path: Assets/Script/Prefabs/PR_Player_.prefab
  artifactKey: Guid(f7e293195e118044ea2f0e246a35e962) Importer(815301076,1909f56bfc062723c751e8b465ee728b)
Start importing Assets/Script/Prefabs/PR_Player_.prefab using Guid(f7e293195e118044ea2f0e246a35e962) Importer(815301076,1909f56bfc062723c751e8b465ee728b)  -> (artifact id: 'e835e56782d9e1d0a45eb8988f310d90') in 0.045766 seconds 
  Import took 0.050042 seconds .

========================================================================
Received Import Request.
  Time since last request: 5.622215 seconds.
  path: Assets/Script/Prefabs/PR_Player_.prefab
  artifactKey: Guid(f7e293195e118044ea2f0e246a35e962) Importer(815301076,1909f56bfc062723c751e8b465ee728b)
Start importing Assets/Script/Prefabs/PR_Player_.prefab using Guid(f7e293195e118044ea2f0e246a35e962) Importer(815301076,1909f56bfc062723c751e8b465ee728b)  -> (artifact id: 'e973eb6f4f77b02b863f64866ada15a7') in 0.042368 seconds 
  Import took 0.046747 seconds .

========================================================================
Received Import Request.
  Time since last request: 2.291669 seconds.
  path: Assets/Script/Prefabs/PR_Player_.prefab
  artifactKey: Guid(f7e293195e118044ea2f0e246a35e962) Importer(815301076,1909f56bfc062723c751e8b465ee728b)
Start importing Assets/Script/Prefabs/PR_Player_.prefab using Guid(f7e293195e118044ea2f0e246a35e962) Importer(815301076,1909f56bfc062723c751e8b465ee728b)  -> (artifact id: '8b9e8f22658428d20333746cb2cc7ade') in 0.038773 seconds 
  Import took 0.043196 seconds .

========================================================================
Received Import Request.
  Time since last request: 1.654399 seconds.
  path: Assets/Script/Prefabs/PR_Player_.prefab
  artifactKey: Guid(f7e293195e118044ea2f0e246a35e962) Importer(815301076,1909f56bfc062723c751e8b465ee728b)
Start importing Assets/Script/Prefabs/PR_Player_.prefab using Guid(f7e293195e118044ea2f0e246a35e962) Importer(815301076,1909f56bfc062723c751e8b465ee728b)  -> (artifact id: 'ca9d995d9683cb1c05096a665a5d66f3') in 0.047666 seconds 
  Import took 0.052192 seconds .

========================================================================
Received Import Request.
  Time since last request: 4.892547 seconds.
  path: Assets/Script/Prefabs/PR_Player_.prefab
  artifactKey: Guid(f7e293195e118044ea2f0e246a35e962) Importer(815301076,1909f56bfc062723c751e8b465ee728b)
Start importing Assets/Script/Prefabs/PR_Player_.prefab using Guid(f7e293195e118044ea2f0e246a35e962) Importer(815301076,1909f56bfc062723c751e8b465ee728b)  -> (artifact id: '8e4b039c069ab0fbdb322d80ff0613ca') in 0.041812 seconds 
  Import took 0.046440 seconds .

========================================================================
Received Import Request.
  Time since last request: 1.231445 seconds.
  path: Assets/Script/Prefabs/PR_Player_.prefab
  artifactKey: Guid(f7e293195e118044ea2f0e246a35e962) Importer(815301076,1909f56bfc062723c751e8b465ee728b)
Start importing Assets/Script/Prefabs/PR_Player_.prefab using Guid(f7e293195e118044ea2f0e246a35e962) Importer(815301076,1909f56bfc062723c751e8b465ee728b)  -> (artifact id: 'dbf98d2da55a41df27923331a853684a') in 0.040619 seconds 
  Import took 0.044928 seconds .

========================================================================
Received Import Request.
  Time since last request: 4.196214 seconds.
  path: Assets/Script/Prefabs/PR_Player_.prefab
  artifactKey: Guid(f7e293195e118044ea2f0e246a35e962) Importer(815301076,1909f56bfc062723c751e8b465ee728b)
Start importing Assets/Script/Prefabs/PR_Player_.prefab using Guid(f7e293195e118044ea2f0e246a35e962) Importer(815301076,1909f56bfc062723c751e8b465ee728b)  -> (artifact id: 'd880ae2acdef5ed5fd751933d5f1dfb7') in 0.038387 seconds 
  Import took 0.043724 seconds .

========================================================================
Received Import Request.
  Time since last request: 2.057035 seconds.
  path: Assets/Script/Prefabs/PR_Player_.prefab
  artifactKey: Guid(f7e293195e118044ea2f0e246a35e962) Importer(815301076,1909f56bfc062723c751e8b465ee728b)
Start importing Assets/Script/Prefabs/PR_Player_.prefab using Guid(f7e293195e118044ea2f0e246a35e962) Importer(815301076,1909f56bfc062723c751e8b465ee728b)  -> (artifact id: '2a2c807e88dc37cd678fa4333d92bc85') in 0.042983 seconds 
  Import took 0.047948 seconds .

========================================================================
Received Import Request.
  Time since last request: 7.703799 seconds.
  path: Assets/Script/Prefabs/PR_Player_.prefab
  artifactKey: Guid(f7e293195e118044ea2f0e246a35e962) Importer(815301076,1909f56bfc062723c751e8b465ee728b)
Start importing Assets/Script/Prefabs/PR_Player_.prefab using Guid(f7e293195e118044ea2f0e246a35e962) Importer(815301076,1909f56bfc062723c751e8b465ee728b)  -> (artifact id: '84058164ecdf792ddbec3414c692ae95') in 0.038876 seconds 
  Import took 0.043410 seconds .

========================================================================
Received Import Request.
  Time since last request: 16.434847 seconds.
  path: Assets/Script/Prefabs/PR_Player_.prefab
  artifactKey: Guid(f7e293195e118044ea2f0e246a35e962) Importer(815301076,1909f56bfc062723c751e8b465ee728b)
Start importing Assets/Script/Prefabs/PR_Player_.prefab using Guid(f7e293195e118044ea2f0e246a35e962) Importer(815301076,1909f56bfc062723c751e8b465ee728b)  -> (artifact id: 'adbfdbd7cf473ad3615e2d5e2273d00a') in 0.042359 seconds 
  Import took 0.047086 seconds .

========================================================================
Received Import Request.
  Time since last request: 8.585423 seconds.
  path: Assets/Script/Prefabs/PR_Player_.prefab
  artifactKey: Guid(f7e293195e118044ea2f0e246a35e962) Importer(815301076,1909f56bfc062723c751e8b465ee728b)
Start importing Assets/Script/Prefabs/PR_Player_.prefab using Guid(f7e293195e118044ea2f0e246a35e962) Importer(815301076,1909f56bfc062723c751e8b465ee728b)  -> (artifact id: '6fa429614a7a855f54bc96134291793e') in 0.038300 seconds 
  Import took 0.043029 seconds .

========================================================================
Received Import Request.
  Time since last request: 10.620152 seconds.
  path: Assets/Script/Prefabs/PR_Player_.prefab
  artifactKey: Guid(f7e293195e118044ea2f0e246a35e962) Importer(815301076,1909f56bfc062723c751e8b465ee728b)
Start importing Assets/Script/Prefabs/PR_Player_.prefab using Guid(f7e293195e118044ea2f0e246a35e962) Importer(815301076,1909f56bfc062723c751e8b465ee728b)  -> (artifact id: '2dd6b3ffa338901a31df8d9cde284ac5') in 0.044849 seconds 
  Import took 0.050454 seconds .

========================================================================
Received Import Request.
  Time since last request: 2.531591 seconds.
  path: Assets/Script/Prefabs/PR_Player_.prefab
  artifactKey: Guid(f7e293195e118044ea2f0e246a35e962) Importer(815301076,1909f56bfc062723c751e8b465ee728b)
Start importing Assets/Script/Prefabs/PR_Player_.prefab using Guid(f7e293195e118044ea2f0e246a35e962) Importer(815301076,1909f56bfc062723c751e8b465ee728b)  -> (artifact id: '72620d7ede42d5e6a4ca049bd5f4ec47') in 0.040379 seconds 
  Import took 0.044703 seconds .

========================================================================
Received Import Request.
  Time since last request: 8.604984 seconds.
  path: Assets/Script/Prefabs/PR_Player_.prefab
  artifactKey: Guid(f7e293195e118044ea2f0e246a35e962) Importer(815301076,1909f56bfc062723c751e8b465ee728b)
Start importing Assets/Script/Prefabs/PR_Player_.prefab using Guid(f7e293195e118044ea2f0e246a35e962) Importer(815301076,1909f56bfc062723c751e8b465ee728b)  -> (artifact id: 'e396c45b8a8ed9a72c73a6f9e50b6c6b') in 0.046390 seconds 
  Import took 0.051734 seconds .

========================================================================
Received Import Request.
  Time since last request: 1.858836 seconds.
  path: Assets/Script/Prefabs/PR_Player_.prefab
  artifactKey: Guid(f7e293195e118044ea2f0e246a35e962) Importer(815301076,1909f56bfc062723c751e8b465ee728b)
Start importing Assets/Script/Prefabs/PR_Player_.prefab using Guid(f7e293195e118044ea2f0e246a35e962) Importer(815301076,1909f56bfc062723c751e8b465ee728b)  -> (artifact id: 'ec5bef225f80eee3585185a86fa98a35') in 0.040137 seconds 
  Import took 0.044839 seconds .

========================================================================
Received Import Request.
  Time since last request: 1.903639 seconds.
  path: Assets/Script/Prefabs/PR_Player_.prefab
  artifactKey: Guid(f7e293195e118044ea2f0e246a35e962) Importer(815301076,1909f56bfc062723c751e8b465ee728b)
Start importing Assets/Script/Prefabs/PR_Player_.prefab using Guid(f7e293195e118044ea2f0e246a35e962) Importer(815301076,1909f56bfc062723c751e8b465ee728b)  -> (artifact id: '22250068c308b562f54a23928611bc8d') in 0.039679 seconds 
  Import took 0.044940 seconds .

========================================================================
Received Import Request.
  Time since last request: 2.733014 seconds.
  path: Assets/Script/Prefabs/PR_Player_.prefab
  artifactKey: Guid(f7e293195e118044ea2f0e246a35e962) Importer(815301076,1909f56bfc062723c751e8b465ee728b)
Start importing Assets/Script/Prefabs/PR_Player_.prefab using Guid(f7e293195e118044ea2f0e246a35e962) Importer(815301076,1909f56bfc062723c751e8b465ee728b)  -> (artifact id: 'e2810607523bf1d739fffb94eae5060c') in 0.038025 seconds 
  Import took 0.042745 seconds .

========================================================================
Received Import Request.
  Time since last request: 3.118377 seconds.
  path: Assets/Script/Prefabs/PR_Player_.prefab
  artifactKey: Guid(f7e293195e118044ea2f0e246a35e962) Importer(815301076,1909f56bfc062723c751e8b465ee728b)
Start importing Assets/Script/Prefabs/PR_Player_.prefab using Guid(f7e293195e118044ea2f0e246a35e962) Importer(815301076,1909f56bfc062723c751e8b465ee728b)  -> (artifact id: '2ee52c7fe344f96fdcc0c6f618041910') in 0.039506 seconds 
  Import took 0.044115 seconds .

========================================================================
Received Import Request.
  Time since last request: 3.886131 seconds.
  path: Assets/Script/Prefabs/PR_Player_.prefab
  artifactKey: Guid(f7e293195e118044ea2f0e246a35e962) Importer(815301076,1909f56bfc062723c751e8b465ee728b)
Start importing Assets/Script/Prefabs/PR_Player_.prefab using Guid(f7e293195e118044ea2f0e246a35e962) Importer(815301076,1909f56bfc062723c751e8b465ee728b)  -> (artifact id: 'a744000e7f6bbaf52792617e0a01e08f') in 0.038364 seconds 
  Import took 0.044087 seconds .

========================================================================
Received Import Request.
  Time since last request: 5.741970 seconds.
  path: Assets/Script/Prefabs/PR_Player_.prefab
  artifactKey: Guid(f7e293195e118044ea2f0e246a35e962) Importer(815301076,1909f56bfc062723c751e8b465ee728b)
Start importing Assets/Script/Prefabs/PR_Player_.prefab using Guid(f7e293195e118044ea2f0e246a35e962) Importer(815301076,1909f56bfc062723c751e8b465ee728b)  -> (artifact id: '66219d6547edf89d7122b2edb2cf2db1') in 0.040503 seconds 
  Import took 0.045656 seconds .

========================================================================
Received Import Request.
  Time since last request: 3.073992 seconds.
  path: Assets/Script/Prefabs/PR_Player_.prefab
  artifactKey: Guid(f7e293195e118044ea2f0e246a35e962) Importer(815301076,1909f56bfc062723c751e8b465ee728b)
Start importing Assets/Script/Prefabs/PR_Player_.prefab using Guid(f7e293195e118044ea2f0e246a35e962) Importer(815301076,1909f56bfc062723c751e8b465ee728b)  -> (artifact id: 'aa4368a2d9dec59bc9c7fd0962fe8129') in 0.041286 seconds 
  Import took 0.046867 seconds .

========================================================================
Received Import Request.
  Time since last request: 2.874955 seconds.
  path: Assets/Script/Prefabs/PR_Player_.prefab
  artifactKey: Guid(f7e293195e118044ea2f0e246a35e962) Importer(815301076,1909f56bfc062723c751e8b465ee728b)
Start importing Assets/Script/Prefabs/PR_Player_.prefab using Guid(f7e293195e118044ea2f0e246a35e962) Importer(815301076,1909f56bfc062723c751e8b465ee728b)  -> (artifact id: '70b7e8bf950831e090583cfb900acb30') in 0.037496 seconds 
  Import took 0.042312 seconds .

========================================================================
Received Import Request.
  Time since last request: 3.861135 seconds.
  path: Assets/Script/Prefabs/PR_Player_.prefab
  artifactKey: Guid(f7e293195e118044ea2f0e246a35e962) Importer(815301076,1909f56bfc062723c751e8b465ee728b)
Start importing Assets/Script/Prefabs/PR_Player_.prefab using Guid(f7e293195e118044ea2f0e246a35e962) Importer(815301076,1909f56bfc062723c751e8b465ee728b)  -> (artifact id: 'd199dfdff2eee6653e3c724c8f2944a1') in 0.038817 seconds 
  Import took 0.043519 seconds .

========================================================================
Received Import Request.
  Time since last request: 20.716676 seconds.
  path: Assets/Script/Prefabs/PR_Player_.prefab
  artifactKey: Guid(f7e293195e118044ea2f0e246a35e962) Importer(815301076,1909f56bfc062723c751e8b465ee728b)
Start importing Assets/Script/Prefabs/PR_Player_.prefab using Guid(f7e293195e118044ea2f0e246a35e962) Importer(815301076,1909f56bfc062723c751e8b465ee728b)  -> (artifact id: 'b2d4160bfac2197d3ff054236e12a019') in 0.043862 seconds 
  Import took 0.048725 seconds .

========================================================================
Received Import Request.
  Time since last request: 1.471642 seconds.
  path: Assets/Script/Prefabs/PR_Player_.prefab
  artifactKey: Guid(f7e293195e118044ea2f0e246a35e962) Importer(815301076,1909f56bfc062723c751e8b465ee728b)
Start importing Assets/Script/Prefabs/PR_Player_.prefab using Guid(f7e293195e118044ea2f0e246a35e962) Importer(815301076,1909f56bfc062723c751e8b465ee728b)  -> (artifact id: '7f7e5319e8cf96be842e25be554fbb7a') in 0.040624 seconds 
  Import took 0.045262 seconds .

========================================================================
Received Import Request.
  Time since last request: 1.268603 seconds.
  path: Assets/Script/Prefabs/PR_Player_.prefab
  artifactKey: Guid(f7e293195e118044ea2f0e246a35e962) Importer(815301076,1909f56bfc062723c751e8b465ee728b)
Start importing Assets/Script/Prefabs/PR_Player_.prefab using Guid(f7e293195e118044ea2f0e246a35e962) Importer(815301076,1909f56bfc062723c751e8b465ee728b)  -> (artifact id: '2b56470593a1403ada45930ef62c1ed3') in 0.039263 seconds 
  Import took 0.043753 seconds .

========================================================================
Received Import Request.
  Time since last request: 6.622943 seconds.
  path: Assets/Script/Prefabs/PR_Player_.prefab
  artifactKey: Guid(f7e293195e118044ea2f0e246a35e962) Importer(815301076,1909f56bfc062723c751e8b465ee728b)
Start importing Assets/Script/Prefabs/PR_Player_.prefab using Guid(f7e293195e118044ea2f0e246a35e962) Importer(815301076,1909f56bfc062723c751e8b465ee728b)  -> (artifact id: 'e57236ad53b9624c72a5f29d14e38626') in 0.038803 seconds 
  Import took 0.043313 seconds .

========================================================================
Received Import Request.
  Time since last request: 2.274910 seconds.
  path: Assets/Script/Prefabs/PR_Player_.prefab
  artifactKey: Guid(f7e293195e118044ea2f0e246a35e962) Importer(815301076,1909f56bfc062723c751e8b465ee728b)
Start importing Assets/Script/Prefabs/PR_Player_.prefab using Guid(f7e293195e118044ea2f0e246a35e962) Importer(815301076,1909f56bfc062723c751e8b465ee728b)  -> (artifact id: 'dca71672ab2d2b11f06dfeeab49e5410') in 0.039567 seconds 
  Import took 0.044272 seconds .

========================================================================
Received Import Request.
  Time since last request: 1.857570 seconds.
  path: Assets/Script/Prefabs/PR_Player_.prefab
  artifactKey: Guid(f7e293195e118044ea2f0e246a35e962) Importer(815301076,1909f56bfc062723c751e8b465ee728b)
Start importing Assets/Script/Prefabs/PR_Player_.prefab using Guid(f7e293195e118044ea2f0e246a35e962) Importer(815301076,1909f56bfc062723c751e8b465ee728b)  -> (artifact id: 'a2c06a66c6dd2e22e2b6e27d7f4761fd') in 0.043957 seconds 
  Import took 0.048571 seconds .

========================================================================
Received Import Request.
  Time since last request: 6.199561 seconds.
  path: Assets/Script/Prefabs/PR_Player_.prefab
  artifactKey: Guid(f7e293195e118044ea2f0e246a35e962) Importer(815301076,1909f56bfc062723c751e8b465ee728b)
Start importing Assets/Script/Prefabs/PR_Player_.prefab using Guid(f7e293195e118044ea2f0e246a35e962) Importer(815301076,1909f56bfc062723c751e8b465ee728b)  -> (artifact id: '14609c200d3b4fe6a1e8449078c47ac1') in 0.041377 seconds 
  Import took 0.046363 seconds .

========================================================================
Received Import Request.
  Time since last request: 9.789726 seconds.
  path: Assets/Script/Prefabs/PR_Player_.prefab
  artifactKey: Guid(f7e293195e118044ea2f0e246a35e962) Importer(815301076,1909f56bfc062723c751e8b465ee728b)
Start importing Assets/Script/Prefabs/PR_Player_.prefab using Guid(f7e293195e118044ea2f0e246a35e962) Importer(815301076,1909f56bfc062723c751e8b465ee728b)  -> (artifact id: '307d45f7d3a6083be88768e40667cc5f') in 0.037216 seconds 
  Import took 0.041999 seconds .

========================================================================
Received Import Request.
  Time since last request: 1.654268 seconds.
  path: Assets/Script/Prefabs/PR_Player_.prefab
  artifactKey: Guid(f7e293195e118044ea2f0e246a35e962) Importer(815301076,1909f56bfc062723c751e8b465ee728b)
Start importing Assets/Script/Prefabs/PR_Player_.prefab using Guid(f7e293195e118044ea2f0e246a35e962) Importer(815301076,1909f56bfc062723c751e8b465ee728b)  -> (artifact id: 'ac767902b18a37259c640e1c40c1723e') in 0.039276 seconds 
  Import took 0.043786 seconds .

========================================================================
Received Import Request.
  Time since last request: 6.918674 seconds.
  path: Assets/Script/Prefabs/PR_Player_.prefab
  artifactKey: Guid(f7e293195e118044ea2f0e246a35e962) Importer(815301076,1909f56bfc062723c751e8b465ee728b)
Start importing Assets/Script/Prefabs/PR_Player_.prefab using Guid(f7e293195e118044ea2f0e246a35e962) Importer(815301076,1909f56bfc062723c751e8b465ee728b)  -> (artifact id: '043b192919bc7682130d5b33b86a2745') in 0.042173 seconds 
  Import took 0.047024 seconds .

========================================================================
Received Import Request.
  Time since last request: 2.491860 seconds.
  path: Assets/Script/Prefabs/PR_Player_.prefab
  artifactKey: Guid(f7e293195e118044ea2f0e246a35e962) Importer(815301076,1909f56bfc062723c751e8b465ee728b)
Start importing Assets/Script/Prefabs/PR_Player_.prefab using Guid(f7e293195e118044ea2f0e246a35e962) Importer(815301076,1909f56bfc062723c751e8b465ee728b)  -> (artifact id: '0e4f933c1f0648bf255b286eb0564868') in 0.041353 seconds 
  Import took 0.046026 seconds .

========================================================================
Received Import Request.
  Time since last request: 78.284317 seconds.
  path: Assets/Script/Prefabs/PR_Alcool.prefab
  artifactKey: Guid(8c7d6c2c55d60a242838d4358691a29b) Importer(815301076,1909f56bfc062723c751e8b465ee728b)
Start importing Assets/Script/Prefabs/PR_Alcool.prefab using Guid(8c7d6c2c55d60a242838d4358691a29b) Importer(815301076,1909f56bfc062723c751e8b465ee728b)  -> (artifact id: 'ab4f9b284bc33833eea83584701715c5') in 0.036365 seconds 
  Import took 0.041405 seconds .

========================================================================
Received Import Request.
  Time since last request: 0.074198 seconds.
  path: Assets/Script/Prefabs/PR_Vin.prefab
  artifactKey: Guid(ba5d4f30526ea9f4c83388c2a9c436a6) Importer(815301076,1909f56bfc062723c751e8b465ee728b)
Start importing Assets/Script/Prefabs/PR_Vin.prefab using Guid(ba5d4f30526ea9f4c83388c2a9c436a6) Importer(815301076,1909f56bfc062723c751e8b465ee728b)  -> (artifact id: '692beb04118d4262e37ac6b3e0a7da69') in 0.023006 seconds 
  Import took 0.027118 seconds .

========================================================================
Received Prepare
Refreshing native plugins compatible for Editor in 14.91 ms, found 2 plugins.
Preloading 0 native plugins for Editor in 0.00 ms.
Unloading 12 Unused Serialized files (Serialized files now loaded: 0)
System memory in use before: 130.9 MB.
System memory in use after: 131.0 MB.

Unloading 15 unused Assets to reduce memory usage. Loaded Objects now: 1995.
Total: 5.409700 ms (FindLiveObjects: 0.275600 ms CreateObjectMapping: 0.092300 ms MarkObjects: 5.004200 ms  DeleteObjects: 0.036300 ms)

AssetImportParameters requested are different than current active one (requested -> active):
  custom:framework-win-MediaFoundation: 216162199b28c13a410421893ffa2e32 -> 
  custom:video-decoder-ogg-theora: a1e56fd34408186e4bbccfd4996cb3dc -> 
  custom:container-muxer-webm: aa71ff27fc2769a1b78a27578f13a17b -> 
  custom:container-demuxer-webm: 4f35f7cbe854078d1ac9338744f61a02 -> 
  custom:container-demuxer-ogg: 62fdf1f143b41e24485cea50d1cbac27 -> 
  custom:video-encoder-webm-vp8: eb34c28f22e8b96e1ab97ce403110664 -> 
  custom:video-decoder-webm-vp8: 9c59270c3fd7afecdb556c50c9e8de78 -> 
  custom:audio-decoder-ogg-vorbis: bf7c407c2cedff20999df2af8eb42d56 -> 
  custom:audio-encoder-webm-vorbis: bf7c407c2cedff20999df2af8eb42d56 -> 
